app/application/build/intermediates/manifest_merge_blame_file/debug/manifest-merger-blame-debug-report.txt
1<?xml version="1.0" encoding="utf-8"?>
2<manifest xmlns:android="http://schemas.android.com/apk/res/android"
3    package="com.halebop.surfdiary"
4    android:versionCode="1"
5    android:versionName="1.0" >
6
7    <uses-sdk
8        android:minSdkVersion="21"
8-->src/main/AndroidManifest.xml
9        android:targetSdkVersion="33" />
9-->src/main/AndroidManifest.xml
10
11    <uses-permission android:name="android.permission.INTERNET" />
11-->src/main/AndroidManifest.xml:5:5-67
11-->src/main/AndroidManifest.xml:5:22-64
12    <uses-permission android:name="android.permission.ACCESS_WIFI_STATE" />
12-->[com.facebook.flipper:flipper:0.176.1] AndroidManifest.xml:16:5-76
12-->[com.facebook.flipper:flipper:0.176.1] AndroidManifest.xml:16:22-73
13
14    <permission
14-->[androidx.core:core:1.9.0] AndroidManifest.xml:22:5-24:47
15        android:name="com.halebop.surfdiary.DYNAMIC_RECEIVER_NOT_EXPORTED_PERMISSION"
15-->[androidx.core:core:1.9.0] AndroidManifest.xml:23:9-81
16        android:protectionLevel="signature" />
16-->[androidx.core:core:1.9.0] AndroidManifest.xml:24:9-44
17
18    <uses-permission android:name="com.halebop.surfdiary.DYNAMIC_RECEIVER_NOT_EXPORTED_PERMISSION" />
18-->[androidx.core:core:1.9.0] AndroidManifest.xml:26:5-97
18-->[androidx.core:core:1.9.0] AndroidManifest.xml:26:22-94
19
20    <application
20-->src/main/AndroidManifest.xml:6:5-25:19
21        android:name="com.halebop.surfdiary.SurfDiaryApp"
21-->src/main/AndroidManifest.xml:7:9-58
22        android:allowBackup="true"
22-->src/main/AndroidManifest.xml:8:9-35
23        android:appComponentFactory="androidx.core.app.CoreComponentFactory"
23-->[androidx.core:core:1.9.0] AndroidManifest.xml:28:18-86
24        android:debuggable="true"
25        android:exported="true"
25-->src/main/AndroidManifest.xml:13:9-32
26        android:icon="@mipmap/ic_launcher"
26-->src/main/AndroidManifest.xml:9:9-43
27        android:label="@string/app_name"
27-->src/main/AndroidManifest.xml:10:9-41
28        android:roundIcon="@mipmap/ic_launcher_round"
28-->src/main/AndroidManifest.xml:11:9-54
29        android:supportsRtl="true"
29-->src/main/AndroidManifest.xml:12:9-35
30        android:testOnly="true"
31        android:theme="@style/Theme.SurfDiary" >
31-->src/main/AndroidManifest.xml:14:9-47
32        <activity
32-->src/main/AndroidManifest.xml:15:9-22:20
33            android:name="com.halebop.surfdiary.activity.MainActivity"
33-->src/main/AndroidManifest.xml:15:19-77
34            android:exported="true" >
34-->src/main/AndroidManifest.xml:16:13-36
35            <intent-filter>
35-->src/main/AndroidManifest.xml:17:13-21:29
36                <action android:name="android.intent.action.MAIN" />
36-->src/main/AndroidManifest.xml:18:17-69
36-->src/main/AndroidManifest.xml:18:25-66
37
38                <category android:name="android.intent.category.LAUNCHER" />
38-->src/main/AndroidManifest.xml:20:17-77
38-->src/main/AndroidManifest.xml:20:27-74
39            </intent-filter>
40        </activity>
41        <activity
41-->src/main/AndroidManifest.xml:23:9-24:38
42            android:name="com.facebook.flipper.android.diagnostics.FlipperDiagnosticActivity"
42-->src/main/AndroidManifest.xml:23:19-100
43            android:exported="true" />
43-->src/main/AndroidManifest.xml:24:13-36
44        <activity
44-->[androidx.compose.ui:ui-tooling:1.3.1] AndroidManifest.xml:23:9-25:39
45            android:name="androidx.compose.ui.tooling.PreviewActivity"
45-->[androidx.compose.ui:ui-tooling:1.3.1] AndroidManifest.xml:24:13-71
46            android:exported="true" />
46-->[androidx.compose.ui:ui-tooling:1.3.1] AndroidManifest.xml:25:13-36
47        <activity
47-->[androidx.compose.ui:ui-test-manifest:1.3.1] AndroidManifest.xml:23:9-25:39
48            android:name="androidx.activity.ComponentActivity"
48-->[androidx.compose.ui:ui-test-manifest:1.3.1] AndroidManifest.xml:24:13-63
49            android:exported="true" />
49-->[androidx.compose.ui:ui-test-manifest:1.3.1] AndroidManifest.xml:25:13-36
50
51        <provider
51-->[androidx.emoji2:emoji2:1.2.0] AndroidManifest.xml:24:9-32:20
52            android:name="androidx.startup.InitializationProvider"
52-->[androidx.emoji2:emoji2:1.2.0] AndroidManifest.xml:25:13-67
53            android:authorities="com.halebop.surfdiary.androidx-startup"
53-->[androidx.emoji2:emoji2:1.2.0] AndroidManifest.xml:26:13-68
54            android:exported="false" >
54-->[androidx.emoji2:emoji2:1.2.0] AndroidManifest.xml:27:13-37
55            <meta-data
55-->[androidx.emoji2:emoji2:1.2.0] AndroidManifest.xml:29:13-31:52
56                android:name="androidx.emoji2.text.EmojiCompatInitializer"
56-->[androidx.emoji2:emoji2:1.2.0] AndroidManifest.xml:30:17-75
57                android:value="androidx.startup" />
57-->[androidx.emoji2:emoji2:1.2.0] AndroidManifest.xml:31:17-49
58            <meta-data
58-->[androidx.lifecycle:lifecycle-process:2.4.1] AndroidManifest.xml:31:13-33:52
59                android:name="androidx.lifecycle.ProcessLifecycleInitializer"
59-->[androidx.lifecycle:lifecycle-process:2.4.1] AndroidManifest.xml:32:17-78
60                android:value="androidx.startup" />
60-->[androidx.lifecycle:lifecycle-process:2.4.1] AndroidManifest.xml:33:17-49
61            <meta-data
61-->[androidx.profileinstaller:profileinstaller:1.2.0] AndroidManifest.xml:30:13-32:52
62                android:name="androidx.profileinstaller.ProfileInstallerInitializer"
62-->[androidx.profileinstaller:profileinstaller:1.2.0] AndroidManifest.xml:31:17-85
63                android:value="androidx.startup" />
63-->[androidx.profileinstaller:profileinstaller:1.2.0] AndroidManifest.xml:32:17-49
64        </provider>
65
66        <uses-library
66-->[androidx.window:window:1.0.0] AndroidManifest.xml:25:9-27:40
67            android:name="androidx.window.extensions"
67-->[androidx.window:window:1.0.0] AndroidManifest.xml:26:13-54
68            android:required="false" />
68-->[androidx.window:window:1.0.0] AndroidManifest.xml:27:13-37
69        <uses-library
69-->[androidx.window:window:1.0.0] AndroidManifest.xml:28:9-30:40
70            android:name="androidx.window.sidecar"
70-->[androidx.window:window:1.0.0] AndroidManifest.xml:29:13-51
71            android:required="false" />
71-->[androidx.window:window:1.0.0] AndroidManifest.xml:30:13-37
72
73        <receiver
73-->[androidx.profileinstaller:profileinstaller:1.2.0] AndroidManifest.xml:35:9-47:20
74            android:name="androidx.profileinstaller.ProfileInstallReceiver"
74-->[androidx.profileinstaller:profileinstaller:1.2.0] AndroidManifest.xml:36:13-76
75            android:directBootAware="false"
75-->[androidx.profileinstaller:profileinstaller:1.2.0] AndroidManifest.xml:37:13-44
76            android:enabled="true"
76-->[androidx.profileinstaller:profileinstaller:1.2.0] AndroidManifest.xml:38:13-35
77            android:exported="true"
77-->[androidx.profileinstaller:profileinstaller:1.2.0] AndroidManifest.xml:39:13-36
78            android:permission="android.permission.DUMP" >
78-->[androidx.profileinstaller:profileinstaller:1.2.0] AndroidManifest.xml:40:13-57
79            <intent-filter>
79-->[androidx.profileinstaller:profileinstaller:1.2.0] AndroidManifest.xml:41:13-43:29
80                <action android:name="androidx.profileinstaller.action.INSTALL_PROFILE" />
80-->[androidx.profileinstaller:profileinstaller:1.2.0] AndroidManifest.xml:42:17-91
80-->[androidx.profileinstaller:profileinstaller:1.2.0] AndroidManifest.xml:42:25-88
81            </intent-filter>
82            <intent-filter>
82-->[androidx.profileinstaller:profileinstaller:1.2.0] AndroidManifest.xml:44:13-46:29
83                <action android:name="androidx.profileinstaller.action.SKIP_FILE" />
83-->[androidx.profileinstaller:profileinstaller:1.2.0] AndroidManifest.xml:45:17-85
83-->[androidx.profileinstaller:profileinstaller:1.2.0] AndroidManifest.xml:45:25-82
84            </intent-filter>
85        </receiver>
86    </application>
87
88</manifest>